{
"contracts/RenPool.sol":{"l":{"69":6,"70":6,"71":6,"72":6,"73":6,"74":6,"75":6,"76":6,"77":6,"78":6,"79":6,"80":6,"81":6,"87":18,"91":17,"95":6,"99":5,"103":0,"107":0,"115":15,"116":15,"120":3,"121":3,"122":3,"134":24,"136":24,"137":23,"138":22,"140":19,"141":19,"143":19,"145":19,"146":15,"149":19,"159":4,"160":4,"162":4,"163":4,"165":4,"166":4,"168":4,"173":4,"187":2,"188":2,"190":2,"191":2,"193":2,"205":2,"206":2,"211":2,"213":2,"214":2,"215":2,"218":2,"222":2,"239":9,"247":8,"249":8,"269":9,"271":9,"273":7,"274":7,"286":2,"297":1,"304":9,"311":0,"312":0,"313":0,"322":1,"344":0,"345":0,"346":0,"348":0},"path":"/home/runner/work/renpool-contracts/renpool-contracts/contracts/RenPool.sol","s":{"1":6,"2":6,"3":6,"4":6,"5":6,"6":6,"7":6,"8":6,"9":6,"10":6,"11":6,"12":6,"13":6,"14":18,"15":6,"16":0,"17":15,"18":15,"19":3,"20":3,"21":3,"22":24,"23":24,"24":23,"25":22,"26":19,"27":19,"28":19,"29":19,"30":15,"31":19,"32":4,"33":4,"34":4,"35":4,"36":4,"37":4,"38":4,"39":4,"40":2,"41":2,"42":2,"43":2,"44":2,"45":2,"46":2,"47":2,"48":2,"49":2,"50":2,"51":2,"52":9,"53":8,"54":8,"55":9,"56":9,"57":7,"58":7,"59":2,"60":1,"61":0,"62":0,"63":0,"64":1,"65":0,"66":0,"67":0,"68":0},"b":{"1":[17,1],"2":[5,1],"3":[0,0],"4":[3,0],"5":[23,1],"6":[22,1],"7":[19,3],"8":[15,4],"9":[18,1],"10":[4,0],"11":[4,0],"12":[4,0],"13":[2,0],"14":[2,0],"15":[2,0],"16":[2,0],"17":[2,0],"18":[8,0],"19":[8,0],"20":[9,0]},"f":{"1":6,"2":18,"3":6,"4":0,"5":15,"6":3,"7":24,"8":4,"9":2,"10":2,"11":9,"12":8,"13":9,"14":2,"15":1,"16":0,"17":1,"18":0},"fnMap":{"1":{"name":"constructor","line":59,"loc":{"start":{"line":59,"column":1},"end":{"line":84,"column":1}}},"2":{"name":"onlyNodeOperator","line":86,"loc":{"start":{"line":86,"column":1},"end":{"line":92,"column":1}}},"3":{"name":"onlyOwnerNodeOperator","line":94,"loc":{"start":{"line":94,"column":1},"end":{"line":100,"column":1}}},"4":{"name":"onlyOwner","line":102,"loc":{"start":{"line":102,"column":1},"end":{"line":108,"column":1}}},"5":{"name":"_lockPool","line":114,"loc":{"start":{"line":114,"column":1},"end":{"line":117,"column":1}}},"6":{"name":"unlockPool","line":119,"loc":{"start":{"line":119,"column":1},"end":{"line":123,"column":1}}},"7":{"name":"deposit","line":133,"loc":{"start":{"line":133,"column":1},"end":{"line":150,"column":1}}},"8":{"name":"withdraw","line":158,"loc":{"start":{"line":158,"column":1},"end":{"line":174,"column":1}}},"9":{"name":"requestWithdraw","line":186,"loc":{"start":{"line":186,"column":1},"end":{"line":196,"column":1}}},"10":{"name":"fulfillWithdrawRequest","line":204,"loc":{"start":{"line":204,"column":1},"end":{"line":228,"column":1}}},"11":{"name":"balanceOf","line":238,"loc":{"start":{"line":238,"column":1},"end":{"line":240,"column":1}}},"12":{"name":"approveBondTransfer","line":246,"loc":{"start":{"line":246,"column":1},"end":{"line":253,"column":1}}},"13":{"name":"registerDarknode","line":268,"loc":{"start":{"line":268,"column":1},"end":{"line":275,"column":1}}},"14":{"name":"deregisterDarknode","line":285,"loc":{"start":{"line":285,"column":1},"end":{"line":287,"column":1}}},"15":{"name":"refundBond","line":296,"loc":{"start":{"line":296,"column":1},"end":{"line":298,"column":1}}},"16":{"name":"withdrawGas","line":310,"loc":{"start":{"line":310,"column":1},"end":{"line":314,"column":1}}},"17":{"name":"transferRewardsToDarknodeOwner","line":321,"loc":{"start":{"line":321,"column":1},"end":{"line":323,"column":1}}},"18":{"name":"claimDarknodeRewards","line":335,"loc":{"start":{"line":335,"column":1},"end":{"line":370,"column":1}}}},"statementMap":{"1":{"start":{"line":69,"column":2},"end":{"line":69,"column":15}},"2":{"start":{"line":70,"column":2},"end":{"line":70,"column":26}},"3":{"start":{"line":71,"column":2},"end":{"line":71,"column":33}},"4":{"start":{"line":72,"column":2},"end":{"line":72,"column":60}},"5":{"start":{"line":73,"column":2},"end":{"line":73,"column":57}},"6":{"start":{"line":74,"column":2},"end":{"line":74,"column":48}},"7":{"start":{"line":75,"column":2},"end":{"line":75,"column":33}},"8":{"start":{"line":76,"column":2},"end":{"line":76,"column":13}},"9":{"start":{"line":77,"column":2},"end":{"line":77,"column":17}},"10":{"start":{"line":78,"column":2},"end":{"line":78,"column":16}},"11":{"start":{"line":79,"column":2},"end":{"line":79,"column":13}},"12":{"start":{"line":80,"column":2},"end":{"line":80,"column":20}},"13":{"start":{"line":81,"column":2},"end":{"line":81,"column":10}},"14":{"start":{"line":87,"column":2},"end":{"line":87,"column":2717}},"15":{"start":{"line":95,"column":2},"end":{"line":95,"column":2852}},"16":{"start":{"line":103,"column":2},"end":{"line":103,"column":3008}},"17":{"start":{"line":115,"column":2},"end":{"line":115,"column":16}},"18":{"start":{"line":116,"column":2},"end":{"line":116,"column":19}},"19":{"start":{"line":120,"column":2},"end":{"line":120,"column":71}},"20":{"start":{"line":121,"column":2},"end":{"line":121,"column":17}},"21":{"start":{"line":122,"column":2},"end":{"line":122,"column":21}},"22":{"start":{"line":134,"column":2},"end":{"line":134,"column":29}},"23":{"start":{"line":136,"column":2},"end":{"line":136,"column":46}},"24":{"start":{"line":137,"column":2},"end":{"line":137,"column":48}},"25":{"start":{"line":138,"column":2},"end":{"line":138,"column":73}},"26":{"start":{"line":140,"column":2},"end":{"line":140,"column":28}},"27":{"start":{"line":141,"column":2},"end":{"line":141,"column":23}},"28":{"start":{"line":143,"column":2},"end":{"line":143,"column":36}},"29":{"start":{"line":145,"column":2},"end":{"line":145,"column":4112}},"30":{"start":{"line":146,"column":3},"end":{"line":146,"column":13}},"31":{"start":{"line":149,"column":2},"end":{"line":149,"column":90}},"32":{"start":{"line":159,"column":2},"end":{"line":159,"column":29}},"33":{"start":{"line":160,"column":2},"end":{"line":160,"column":42}},"34":{"start":{"line":162,"column":2},"end":{"line":162,"column":77}},"35":{"start":{"line":163,"column":2},"end":{"line":163,"column":37}},"36":{"start":{"line":165,"column":2},"end":{"line":165,"column":23}},"37":{"start":{"line":166,"column":2},"end":{"line":166,"column":28}},"38":{"start":{"line":168,"column":2},"end":{"line":168,"column":4784}},"39":{"start":{"line":173,"column":2},"end":{"line":173,"column":36}},"40":{"start":{"line":187,"column":2},"end":{"line":187,"column":29}},"41":{"start":{"line":188,"column":2},"end":{"line":188,"column":42}},"42":{"start":{"line":190,"column":2},"end":{"line":190,"column":77}},"43":{"start":{"line":191,"column":2},"end":{"line":191,"column":40}},"44":{"start":{"line":193,"column":2},"end":{"line":193,"column":35}},"45":{"start":{"line":205,"column":2},"end":{"line":205,"column":29}},"46":{"start":{"line":206,"column":2},"end":{"line":206,"column":44}},"47":{"start":{"line":211,"column":2},"end":{"line":211,"column":40}},"48":{"start":{"line":213,"column":2},"end":{"line":213,"column":27}},"49":{"start":{"line":214,"column":2},"end":{"line":214,"column":28}},"50":{"start":{"line":218,"column":2},"end":{"line":218,"column":6338}},"51":{"start":{"line":222,"column":2},"end":{"line":222,"column":6431}},"52":{"start":{"line":239,"column":2},"end":{"line":239,"column":26}},"53":{"start":{"line":247,"column":2},"end":{"line":247,"column":40}},"54":{"start":{"line":249,"column":2},"end":{"line":249,"column":7015}},"55":{"start":{"line":269,"column":2},"end":{"line":269,"column":40}},"56":{"start":{"line":271,"column":2},"end":{"line":271,"column":51}},"57":{"start":{"line":273,"column":2},"end":{"line":273,"column":25}},"58":{"start":{"line":274,"column":2},"end":{"line":274,"column":23}},"59":{"start":{"line":286,"column":2},"end":{"line":286,"column":40}},"60":{"start":{"line":297,"column":2},"end":{"line":297,"column":36}},"61":{"start":{"line":311,"column":2},"end":{"line":311,"column":41}},"62":{"start":{"line":312,"column":2},"end":{"line":312,"column":40}},"63":{"start":{"line":313,"column":2},"end":{"line":313,"column":42}},"64":{"start":{"line":322,"column":2},"end":{"line":322,"column":57}},"65":{"start":{"line":344,"column":2},"end":{"line":344,"column":32}},"66":{"start":{"line":345,"column":2},"end":{"line":345,"column":99}},"67":{"start":{"line":346,"column":2},"end":{"line":346,"column":11}},"68":{"start":{"line":348,"column":2},"end":{"line":348,"column":21}}},"branchMap":{"1":{"line":87,"type":"if","locations":[{"start":{"line":87,"column":2},"end":{"line":87,"column":2}},{"start":{"line":87,"column":2},"end":{"line":87,"column":2}}]},"2":{"line":95,"type":"if","locations":[{"start":{"line":95,"column":2},"end":{"line":95,"column":2}},{"start":{"line":95,"column":2},"end":{"line":95,"column":2}}]},"3":{"line":103,"type":"if","locations":[{"start":{"line":103,"column":2},"end":{"line":103,"column":2}},{"start":{"line":103,"column":2},"end":{"line":103,"column":2}}]},"4":{"line":120,"type":"if","locations":[{"start":{"line":120,"column":2},"end":{"line":120,"column":2}},{"start":{"line":120,"column":2},"end":{"line":120,"column":2}}]},"5":{"line":136,"type":"if","locations":[{"start":{"line":136,"column":2},"end":{"line":136,"column":2}},{"start":{"line":136,"column":2},"end":{"line":136,"column":2}}]},"6":{"line":137,"type":"if","locations":[{"start":{"line":137,"column":2},"end":{"line":137,"column":2}},{"start":{"line":137,"column":2},"end":{"line":137,"column":2}}]},"7":{"line":138,"type":"if","locations":[{"start":{"line":138,"column":2},"end":{"line":138,"column":2}},{"start":{"line":138,"column":2},"end":{"line":138,"column":2}}]},"8":{"line":145,"type":"if","locations":[{"start":{"line":145,"column":2},"end":{"line":145,"column":2}},{"start":{"line":145,"column":2},"end":{"line":145,"column":2}}]},"9":{"line":149,"type":"if","locations":[{"start":{"line":149,"column":2},"end":{"line":149,"column":2}},{"start":{"line":149,"column":2},"end":{"line":149,"column":2}}]},"10":{"line":162,"type":"if","locations":[{"start":{"line":162,"column":2},"end":{"line":162,"column":2}},{"start":{"line":162,"column":2},"end":{"line":162,"column":2}}]},"11":{"line":163,"type":"if","locations":[{"start":{"line":163,"column":2},"end":{"line":163,"column":2}},{"start":{"line":163,"column":2},"end":{"line":163,"column":2}}]},"12":{"line":168,"type":"if","locations":[{"start":{"line":168,"column":2},"end":{"line":168,"column":2}},{"start":{"line":168,"column":2},"end":{"line":168,"column":2}}]},"13":{"line":190,"type":"if","locations":[{"start":{"line":190,"column":2},"end":{"line":190,"column":2}},{"start":{"line":190,"column":2},"end":{"line":190,"column":2}}]},"14":{"line":191,"type":"if","locations":[{"start":{"line":191,"column":2},"end":{"line":191,"column":2}},{"start":{"line":191,"column":2},"end":{"line":191,"column":2}}]},"15":{"line":211,"type":"if","locations":[{"start":{"line":211,"column":2},"end":{"line":211,"column":2}},{"start":{"line":211,"column":2},"end":{"line":211,"column":2}}]},"16":{"line":218,"type":"if","locations":[{"start":{"line":218,"column":2},"end":{"line":218,"column":2}},{"start":{"line":218,"column":2},"end":{"line":218,"column":2}}]},"17":{"line":222,"type":"if","locations":[{"start":{"line":222,"column":2},"end":{"line":222,"column":2}},{"start":{"line":222,"column":2},"end":{"line":222,"column":2}}]},"18":{"line":247,"type":"if","locations":[{"start":{"line":247,"column":2},"end":{"line":247,"column":2}},{"start":{"line":247,"column":2},"end":{"line":247,"column":2}}]},"19":{"line":249,"type":"if","locations":[{"start":{"line":249,"column":2},"end":{"line":249,"column":2}},{"start":{"line":249,"column":2},"end":{"line":249,"column":2}}]},"20":{"line":269,"type":"if","locations":[{"start":{"line":269,"column":2},"end":{"line":269,"column":2}},{"start":{"line":269,"column":2},"end":{"line":269,"column":2}}]}}}}
