TN:
SF:/home/runner/work/renpool-contracts/renpool-contracts/contracts/RenPool.sol
FN:59,constructor
FN:86,onlyNodeOperator
FN:94,onlyOwnerNodeOperator
FN:102,onlyOwner
FN:114,_lockPool
FN:119,unlockPool
FN:133,deposit
FN:158,withdraw
FN:186,requestWithdraw
FN:204,fulfillWithdrawRequest
FN:238,balanceOf
FN:246,approveBondTransfer
FN:268,registerDarknode
FN:285,deregisterDarknode
FN:296,refundBond
FN:310,withdrawGas
FN:321,transferRewardsToDarknodeOwner
FN:335,claimDarknodeRewards
FNF:18
FNH:15
FNDA:6,constructor
FNDA:18,onlyNodeOperator
FNDA:6,onlyOwnerNodeOperator
FNDA:0,onlyOwner
FNDA:15,_lockPool
FNDA:3,unlockPool
FNDA:24,deposit
FNDA:4,withdraw
FNDA:2,requestWithdraw
FNDA:2,fulfillWithdrawRequest
FNDA:9,balanceOf
FNDA:8,approveBondTransfer
FNDA:9,registerDarknode
FNDA:2,deregisterDarknode
FNDA:1,refundBond
FNDA:0,withdrawGas
FNDA:1,transferRewardsToDarknodeOwner
FNDA:0,claimDarknodeRewards
DA:69,6
DA:70,6
DA:71,6
DA:72,6
DA:73,6
DA:74,6
DA:75,6
DA:76,6
DA:77,6
DA:78,6
DA:79,6
DA:80,6
DA:81,6
DA:87,18
DA:91,17
DA:95,6
DA:99,5
DA:103,0
DA:107,0
DA:115,15
DA:116,15
DA:120,3
DA:121,3
DA:122,3
DA:134,24
DA:136,24
DA:137,23
DA:138,22
DA:140,19
DA:141,19
DA:143,19
DA:145,19
DA:146,15
DA:149,19
DA:159,4
DA:160,4
DA:162,4
DA:163,4
DA:165,4
DA:166,4
DA:168,4
DA:173,4
DA:187,2
DA:188,2
DA:190,2
DA:191,2
DA:193,2
DA:205,2
DA:206,2
DA:211,2
DA:213,2
DA:214,2
DA:215,2
DA:218,2
DA:222,2
DA:239,9
DA:247,8
DA:249,8
DA:269,9
DA:271,9
DA:273,7
DA:274,7
DA:286,2
DA:297,1
DA:304,9
DA:311,0
DA:312,0
DA:313,0
DA:322,1
DA:344,0
DA:345,0
DA:346,0
DA:348,0
LF:73
LH:64
BRDA:87,1,0,17
BRDA:87,1,1,1
BRDA:95,2,0,5
BRDA:95,2,1,1
BRDA:103,3,0,0
BRDA:103,3,1,0
BRDA:120,4,0,3
BRDA:120,4,1,0
BRDA:136,5,0,23
BRDA:136,5,1,1
BRDA:137,6,0,22
BRDA:137,6,1,1
BRDA:138,7,0,19
BRDA:138,7,1,3
BRDA:145,8,0,15
BRDA:145,8,1,4
BRDA:149,9,0,18
BRDA:149,9,1,1
BRDA:162,10,0,4
BRDA:162,10,1,0
BRDA:163,11,0,4
BRDA:163,11,1,0
BRDA:168,12,0,4
BRDA:168,12,1,0
BRDA:190,13,0,2
BRDA:190,13,1,0
BRDA:191,14,0,2
BRDA:191,14,1,0
BRDA:211,15,0,2
BRDA:211,15,1,0
BRDA:218,16,0,2
BRDA:218,16,1,0
BRDA:222,17,0,2
BRDA:222,17,1,0
BRDA:247,18,0,8
BRDA:247,18,1,0
BRDA:249,19,0,8
BRDA:249,19,1,0
BRDA:269,20,0,9
BRDA:269,20,1,0
BRF:40
BRH:26
end_of_record
